{"level":"INFO","message":"[5:08:58.558 AM]: Creating new connection object"}
{"level":"INFO","message":"[5:08:58.573 AM]: Creating Connection[id: fa2dedb4-900c-4ae2-83ec-f83346121ddb] with host: zrggqmw-nq16791.snowflakecomputing.com, account: zrggqmw-nq16791, accessUrl: https://zrggqmw-nq16791.snowflakecomputing.com, user: HARISHK21, role: undefined, database: AURA, schema: PUBLIC, warehouse: COMPUTE_WH, proxy was not configured, password is provided, region: undefined, authenticator: SNOWFLAKE, ocsp mode: FAIL_OPEN, os: win32, os version: 10.0.26200"}
{"level":"INFO","message":"[5:08:58.574 AM]: Connection[id: fa2dedb4-900c-4ae2-83ec-f83346121ddb] additional details: passcode in password is provided, passcode is not provided, private key is not provided, application: undefined, client name: snowflake-sdk, client version: 2.3.4, retry timeout: 300, private key path: undefined, private key pass is not provided, client store temporary credential: false, browser response timeout: 120000"}
{"level":"INFO","message":"[5:08:58.575 AM]: Connection[id: fa2dedb4-900c-4ae2-83ec-f83346121ddb] - connection object created successfully."}
{"level":"INFO","message":"[5:08:58.575 AM]: Connection[id: fa2dedb4-900c-4ae2-83ec-f83346121ddb] - connecting. Associated Snowflake domain: GLOBAL"}
{"level":"INFO","message":"[5:08:58.576 AM]: Connection[id: fa2dedb4-900c-4ae2-83ec-f83346121ddb] - authentication successful using: SNOWFLAKE"}
{"level":"INFO","message":"[5:08:58.578 AM]: Trying to initialize Easy Logging"}
{"level":"INFO","message":"[5:08:58.590 AM]: No client config detected."}
{"level":"INFO","message":"[5:08:58.591 AM]: No config file path found. Client config will not be used."}
{"level":"INFO","message":"[5:08:58.592 AM]: Easy Logging is disabled as no config has been found"}
{"level":"INFO","message":"[5:09:00.241 AM]: Connection[id: fa2dedb4-900c-4ae2-83ec-f83346121ddb] - connection established successfully after 1665.41 milliseconds"}
{"level":"INFO","message":"[5:16:26.804 AM]: Creating new connection object"}
{"level":"INFO","message":"[5:16:26.811 AM]: Creating Connection[id: 86ac2d9a-f69c-4821-ae4d-60bd6b546a2c] with host: zrggqmw-nq16791.snowflakecomputing.com, account: zrggqmw-nq16791, accessUrl: https://zrggqmw-nq16791.snowflakecomputing.com, user: HARISHK21, role: undefined, database: AURA, schema: PUBLIC, warehouse: COMPUTE_WH, proxy was not configured, password is provided, region: undefined, authenticator: SNOWFLAKE, ocsp mode: FAIL_OPEN, os: win32, os version: 10.0.26200"}
{"level":"INFO","message":"[5:16:26.811 AM]: Connection[id: 86ac2d9a-f69c-4821-ae4d-60bd6b546a2c] additional details: passcode in password is provided, passcode is not provided, private key is not provided, application: undefined, client name: snowflake-sdk, client version: 2.3.4, retry timeout: 300, private key path: undefined, private key pass is not provided, client store temporary credential: false, browser response timeout: 120000"}
{"level":"INFO","message":"[5:16:26.812 AM]: Connection[id: 86ac2d9a-f69c-4821-ae4d-60bd6b546a2c] - connection object created successfully."}
{"level":"INFO","message":"[5:16:26.812 AM]: Connection[id: 86ac2d9a-f69c-4821-ae4d-60bd6b546a2c] - connecting. Associated Snowflake domain: GLOBAL"}
{"level":"INFO","message":"[5:16:26.812 AM]: Connection[id: 86ac2d9a-f69c-4821-ae4d-60bd6b546a2c] - authentication successful using: SNOWFLAKE"}
{"level":"INFO","message":"[5:16:26.812 AM]: Trying to initialize Easy Logging"}
{"level":"INFO","message":"[5:16:26.820 AM]: No client config detected."}
{"level":"INFO","message":"[5:16:26.820 AM]: No config file path found. Client config will not be used."}
{"level":"INFO","message":"[5:16:26.821 AM]: Easy Logging is disabled as no config has been found"}
{"level":"INFO","message":"[5:16:28.031 AM]: Connection[id: 86ac2d9a-f69c-4821-ae4d-60bd6b546a2c] - connection established successfully after 1219.72 milliseconds"}
{"level":"INFO","message":"[5:27:46.193 AM]: Creating new connection object"}
{"level":"INFO","message":"[5:27:46.214 AM]: Creating Connection[id: 96d4a997-afbc-4a9f-80ba-e2432ce743f6] with host: zrggqmw-nq16791.snowflakecomputing.com, account: zrggqmw-nq16791, accessUrl: https://zrggqmw-nq16791.snowflakecomputing.com, user: HARISHK21, role: undefined, database: AURA, schema: PUBLIC, warehouse: COMPUTE_WH, proxy was not configured, password is provided, region: undefined, authenticator: SNOWFLAKE, ocsp mode: FAIL_OPEN, os: win32, os version: 10.0.26200"}
{"level":"INFO","message":"[5:27:46.216 AM]: Connection[id: 96d4a997-afbc-4a9f-80ba-e2432ce743f6] additional details: passcode in password is provided, passcode is not provided, private key is not provided, application: undefined, client name: snowflake-sdk, client version: 2.3.4, retry timeout: 300, private key path: undefined, private key pass is not provided, client store temporary credential: false, browser response timeout: 120000"}
{"level":"INFO","message":"[5:27:46.217 AM]: Connection[id: 96d4a997-afbc-4a9f-80ba-e2432ce743f6] - connection object created successfully."}
{"level":"INFO","message":"[5:27:46.218 AM]: Connection[id: 96d4a997-afbc-4a9f-80ba-e2432ce743f6] - connecting. Associated Snowflake domain: GLOBAL"}
{"level":"INFO","message":"[5:27:46.219 AM]: Connection[id: 96d4a997-afbc-4a9f-80ba-e2432ce743f6] - authentication successful using: SNOWFLAKE"}
{"level":"INFO","message":"[5:27:46.220 AM]: Trying to initialize Easy Logging"}
{"level":"INFO","message":"[5:27:46.226 AM]: No client config detected."}
{"level":"INFO","message":"[5:27:46.228 AM]: No config file path found. Client config will not be used."}
{"level":"INFO","message":"[5:27:46.228 AM]: Easy Logging is disabled as no config has been found"}
{"level":"INFO","message":"[5:27:48.007 AM]: Connection[id: 96d4a997-afbc-4a9f-80ba-e2432ce743f6] - connection established successfully after 1789.37 milliseconds"}
{"level":"INFO","message":"[5:35:36.128 AM]: Creating new connection object"}
{"level":"INFO","message":"[5:35:36.135 AM]: Creating Connection[id: b6cb1cff-b3ca-4aab-90d6-8c088fc5f06d] with host: zrggqmw-nq16791.snowflakecomputing.com, account: zrggqmw-nq16791, accessUrl: https://zrggqmw-nq16791.snowflakecomputing.com, user: HARISHK21, role: undefined, database: AURA, schema: PUBLIC, warehouse: COMPUTE_WH, proxy was not configured, password is provided, region: undefined, authenticator: SNOWFLAKE, ocsp mode: FAIL_OPEN, os: win32, os version: 10.0.26200"}
{"level":"INFO","message":"[5:35:36.135 AM]: Connection[id: b6cb1cff-b3ca-4aab-90d6-8c088fc5f06d] additional details: passcode in password is provided, passcode is not provided, private key is not provided, application: undefined, client name: snowflake-sdk, client version: 2.3.4, retry timeout: 300, private key path: undefined, private key pass is not provided, client store temporary credential: false, browser response timeout: 120000"}
{"level":"INFO","message":"[5:35:36.136 AM]: Connection[id: b6cb1cff-b3ca-4aab-90d6-8c088fc5f06d] - connection object created successfully."}
{"level":"INFO","message":"[5:35:36.136 AM]: Connection[id: b6cb1cff-b3ca-4aab-90d6-8c088fc5f06d] - connecting. Associated Snowflake domain: GLOBAL"}
{"level":"INFO","message":"[5:35:36.136 AM]: Connection[id: b6cb1cff-b3ca-4aab-90d6-8c088fc5f06d] - authentication successful using: SNOWFLAKE"}
{"level":"INFO","message":"[5:35:36.137 AM]: Trying to initialize Easy Logging"}
{"level":"INFO","message":"[5:35:36.159 AM]: No client config detected."}
{"level":"INFO","message":"[5:35:36.160 AM]: No config file path found. Client config will not be used."}
{"level":"INFO","message":"[5:35:36.161 AM]: Easy Logging is disabled as no config has been found"}
{"level":"INFO","message":"[5:35:37.920 AM]: Connection[id: b6cb1cff-b3ca-4aab-90d6-8c088fc5f06d] - connection established successfully after 1783.83 milliseconds"}
{"level":"INFO","message":"[5:51:20.704 AM]: Creating new connection object"}
{"level":"INFO","message":"[5:51:20.713 AM]: Creating Connection[id: efa6e185-2d6b-45d0-80c3-18c1560975ec] with host: zrggqmw-nq16791.snowflakecomputing.com, account: zrggqmw-nq16791, accessUrl: https://zrggqmw-nq16791.snowflakecomputing.com, user: HARISHK21, role: undefined, database: AURA, schema: PUBLIC, warehouse: COMPUTE_WH, proxy was not configured, password is provided, region: undefined, authenticator: SNOWFLAKE, ocsp mode: FAIL_OPEN, os: darwin, os version: 23.3.0"}
{"level":"INFO","message":"[5:51:20.713 AM]: Connection[id: efa6e185-2d6b-45d0-80c3-18c1560975ec] additional details: passcode in password is provided, passcode is not provided, private key is not provided, application: undefined, client name: snowflake-sdk, client version: 2.3.4, retry timeout: 300, private key path: undefined, private key pass is not provided, client store temporary credential: false, browser response timeout: 120000"}
{"level":"INFO","message":"[5:51:20.714 AM]: Connection[id: efa6e185-2d6b-45d0-80c3-18c1560975ec] - connection object created successfully."}
{"level":"INFO","message":"[5:51:20.714 AM]: Connection[id: efa6e185-2d6b-45d0-80c3-18c1560975ec] - connecting. Associated Snowflake domain: GLOBAL"}
{"level":"INFO","message":"[5:51:20.714 AM]: Connection[id: efa6e185-2d6b-45d0-80c3-18c1560975ec] - authentication successful using: SNOWFLAKE"}
{"level":"INFO","message":"[5:51:20.714 AM]: Trying to initialize Easy Logging"}
{"level":"INFO","message":"[5:51:20.722 AM]: No client config detected."}
{"level":"INFO","message":"[5:51:20.722 AM]: No config file path found. Client config will not be used."}
{"level":"INFO","message":"[5:51:20.723 AM]: Easy Logging is disabled as no config has been found"}
{"level":"INFO","message":"[5:51:21.812 AM]: Connection[id: efa6e185-2d6b-45d0-80c3-18c1560975ec] - connection established successfully after 1097.69 milliseconds"}
{"level":"INFO","message":"[6:02:37.462 AM]: Creating new connection object"}
{"level":"INFO","message":"[6:02:37.469 AM]: Creating Connection[id: b921571d-1be1-41d8-865c-bfbbdf058341] with host: zrggqmw-nq16791.snowflakecomputing.com, account: zrggqmw-nq16791, accessUrl: https://zrggqmw-nq16791.snowflakecomputing.com, user: HARISHK21, role: undefined, database: AURA, schema: PUBLIC, warehouse: COMPUTE_WH, proxy was not configured, password is provided, region: undefined, authenticator: SNOWFLAKE, ocsp mode: FAIL_OPEN, os: darwin, os version: 23.3.0"}
{"level":"INFO","message":"[6:02:37.469 AM]: Connection[id: b921571d-1be1-41d8-865c-bfbbdf058341] additional details: passcode in password is provided, passcode is not provided, private key is not provided, application: undefined, client name: snowflake-sdk, client version: 2.3.4, retry timeout: 300, private key path: undefined, private key pass is not provided, client store temporary credential: false, browser response timeout: 120000"}
{"level":"INFO","message":"[6:02:37.469 AM]: Connection[id: b921571d-1be1-41d8-865c-bfbbdf058341] - connection object created successfully."}
{"level":"INFO","message":"[6:02:37.469 AM]: Connection[id: b921571d-1be1-41d8-865c-bfbbdf058341] - connecting. Associated Snowflake domain: GLOBAL"}
{"level":"INFO","message":"[6:02:37.469 AM]: Connection[id: b921571d-1be1-41d8-865c-bfbbdf058341] - authentication successful using: SNOWFLAKE"}
{"level":"INFO","message":"[6:02:37.470 AM]: Trying to initialize Easy Logging"}
{"level":"INFO","message":"[6:02:37.487 AM]: No client config detected."}
{"level":"INFO","message":"[6:02:37.488 AM]: No config file path found. Client config will not be used."}
{"level":"INFO","message":"[6:02:37.488 AM]: Easy Logging is disabled as no config has been found"}
{"level":"INFO","message":"[6:02:38.689 AM]: Connection[id: b921571d-1be1-41d8-865c-bfbbdf058341] - connection established successfully after 1219.78 milliseconds"}
{"level":"INFO","message":"[6:14:17.641 AM]: Creating new connection object"}
{"level":"INFO","message":"[6:14:17.648 AM]: Creating Connection[id: 748e13c9-a25b-4864-aa26-9c007962b38f] with host: zrggqmw-nq16791.snowflakecomputing.com, account: zrggqmw-nq16791, accessUrl: https://zrggqmw-nq16791.snowflakecomputing.com, user: HARISHK21, role: undefined, database: AURA, schema: PUBLIC, warehouse: COMPUTE_WH, proxy was not configured, password is provided, region: undefined, authenticator: SNOWFLAKE, ocsp mode: FAIL_OPEN, os: darwin, os version: 23.3.0"}
{"level":"INFO","message":"[6:14:17.648 AM]: Connection[id: 748e13c9-a25b-4864-aa26-9c007962b38f] additional details: passcode in password is provided, passcode is not provided, private key is not provided, application: undefined, client name: snowflake-sdk, client version: 2.3.4, retry timeout: 300, private key path: undefined, private key pass is not provided, client store temporary credential: false, browser response timeout: 120000"}
{"level":"INFO","message":"[6:14:17.649 AM]: Connection[id: 748e13c9-a25b-4864-aa26-9c007962b38f] - connection object created successfully."}
{"level":"INFO","message":"[6:14:17.649 AM]: Connection[id: 748e13c9-a25b-4864-aa26-9c007962b38f] - connecting. Associated Snowflake domain: GLOBAL"}
{"level":"INFO","message":"[6:14:17.649 AM]: Connection[id: 748e13c9-a25b-4864-aa26-9c007962b38f] - authentication successful using: SNOWFLAKE"}
{"level":"INFO","message":"[6:14:17.649 AM]: Trying to initialize Easy Logging"}
{"level":"INFO","message":"[6:14:17.654 AM]: No client config detected."}
{"level":"INFO","message":"[6:14:17.654 AM]: No config file path found. Client config will not be used."}
{"level":"INFO","message":"[6:14:17.654 AM]: Easy Logging is disabled as no config has been found"}
{"level":"INFO","message":"[6:14:18.661 AM]: Connection[id: 748e13c9-a25b-4864-aa26-9c007962b38f] - connection established successfully after 1012.36 milliseconds"}
{"level":"INFO","message":"[6:18:11.340 AM]: Creating new connection object"}
{"level":"INFO","message":"[6:18:11.346 AM]: Creating Connection[id: 691e4ac6-9342-48b2-851d-f551f082932e] with host: zrggqmw-nq16791.snowflakecomputing.com, account: zrggqmw-nq16791, accessUrl: https://zrggqmw-nq16791.snowflakecomputing.com, user: HARISHK21, role: undefined, database: AURA, schema: PUBLIC, warehouse: COMPUTE_WH, proxy was not configured, password is provided, region: undefined, authenticator: SNOWFLAKE, ocsp mode: FAIL_OPEN, os: darwin, os version: 23.3.0"}
{"level":"INFO","message":"[6:18:11.346 AM]: Connection[id: 691e4ac6-9342-48b2-851d-f551f082932e] additional details: passcode in password is provided, passcode is not provided, private key is not provided, application: undefined, client name: snowflake-sdk, client version: 2.3.4, retry timeout: 300, private key path: undefined, private key pass is not provided, client store temporary credential: false, browser response timeout: 120000"}
{"level":"INFO","message":"[6:18:11.347 AM]: Connection[id: 691e4ac6-9342-48b2-851d-f551f082932e] - connection object created successfully."}
{"level":"INFO","message":"[6:18:11.347 AM]: Connection[id: 691e4ac6-9342-48b2-851d-f551f082932e] - connecting. Associated Snowflake domain: GLOBAL"}
{"level":"INFO","message":"[6:18:11.347 AM]: Connection[id: 691e4ac6-9342-48b2-851d-f551f082932e] - authentication successful using: SNOWFLAKE"}
{"level":"INFO","message":"[6:18:11.347 AM]: Trying to initialize Easy Logging"}
{"level":"INFO","message":"[6:18:11.352 AM]: No client config detected."}
{"level":"INFO","message":"[6:18:11.352 AM]: No config file path found. Client config will not be used."}
{"level":"INFO","message":"[6:18:11.352 AM]: Easy Logging is disabled as no config has been found"}
{"level":"INFO","message":"[6:18:12.267 AM]: Connection[id: 691e4ac6-9342-48b2-851d-f551f082932e] - connection established successfully after 920.6 milliseconds"}
